[INFO  - 2019-01-07T11:50:51.902Z] GhostDriver - Main - running on port 61014
[INFO  - 2019-01-07T11:50:55.433Z] Session [7d98ac00-1272-11e9-a3d4-e3bfc406354f] - page.settings - {"XSSAuditingEnabled":false,"javascriptCanCloseWindows":true,"javascriptCanOpenWindows":true,"javascriptEnabled":true,"loadImages":true,"localToRemoteUrlAccessEnabled":false,"userAgent":"Mozilla/5.0 (Windows NT 6.2; WOW64) AppleWebKit/538.1 (KHTML, like Gecko) PhantomJS/2.1.1 Safari/538.1","webSecurityEnabled":true}
[INFO  - 2019-01-07T11:50:55.433Z] Session [7d98ac00-1272-11e9-a3d4-e3bfc406354f] - page.customHeaders:  - {}
[INFO  - 2019-01-07T11:50:55.506Z] Session [7d98ac00-1272-11e9-a3d4-e3bfc406354f] - Session.negotiatedCapabilities - {"browserName":"phantomjs","version":"2.1.1","driverName":"ghostdriver","driverVersion":"1.2.0","platform":"windows-10-32bit","javascriptEnabled":true,"takesScreenshot":true,"handlesAlerts":false,"databaseEnabled":false,"locationContextEnabled":false,"applicationCacheEnabled":false,"browserConnectionEnabled":false,"cssSelectorsEnabled":true,"webStorageEnabled":false,"rotatable":false,"acceptSslCerts":false,"nativeEvents":true,"proxy":{"proxyType":"direct"}}
[INFO  - 2019-01-07T11:50:55.507Z] SessionManagerReqHand - _postNewSessionCommand - New Session Created: 7d98ac00-1272-11e9-a3d4-e3bfc406354f
[ERROR - 2019-01-07T11:51:00.322Z] Session [7d98ac00-1272-11e9-a3d4-e3bfc406354f] - page.onError - msg: TypeError: undefined is not a constructor (evaluating 'b.cfg.elUserName.focus()')

  phantomjs://platform/console++.js:263 in error
[ERROR - 2019-01-07T11:51:00.322Z] Session [7d98ac00-1272-11e9-a3d4-e3bfc406354f] - page.onError - stack:
  (anonymous function) (https://g.alicdn.com/vip/login/0.5.65/js/login/nlogin.js?t=20151220:1)
  simpleNotify (https://g.alicdn.com/kissy/k/1.4.4/event/base-min.js:10)
  notifyInternal (https://g.alicdn.com/kissy/k/1.4.4/event/dom/base-min.js:8)
  notify (https://g.alicdn.com/kissy/k/1.4.4/event/base-min.js:11)
  notify (https://g.alicdn.com/kissy/k/1.4.4/event/dom/base-min.js:17)
  handle (https://g.alicdn.com/kissy/k/1.4.4/event/dom/base-min.js:22)
  dispatchEvent (:0)
  U (:119)
  $ (:108)
  $ (:101)
  gh (:141)
  sh (:152)
  (anonymous function) (:152)
  (anonymous function) (:152)
  (anonymous function) (:153)

  phantomjs://platform/console++.js:263 in error
