[INFO  - 2017-12-13T09:16:35.003Z] GhostDriver - Main - running on port 62753
[INFO  - 2017-12-13T09:16:38.183Z] Session [52bc8c50-dfe6-11e7-82be-97254e8ea144] - page.settings - {"XSSAuditingEnabled":false,"javascriptCanCloseWindows":true,"javascriptCanOpenWindows":true,"javascriptEnabled":true,"loadImages":true,"localToRemoteUrlAccessEnabled":false,"userAgent":"Mozilla/5.0 (Windows NT 6.2; WOW64) AppleWebKit/538.1 (KHTML, like Gecko) PhantomJS/2.1.1 Safari/538.1","webSecurityEnabled":true}
[INFO  - 2017-12-13T09:16:38.183Z] Session [52bc8c50-dfe6-11e7-82be-97254e8ea144] - page.customHeaders:  - {}
[INFO  - 2017-12-13T09:16:38.183Z] Session [52bc8c50-dfe6-11e7-82be-97254e8ea144] - Session.negotiatedCapabilities - {"browserName":"phantomjs","version":"2.1.1","driverName":"ghostdriver","driverVersion":"1.2.0","platform":"windows-10-32bit","javascriptEnabled":true,"takesScreenshot":true,"handlesAlerts":false,"databaseEnabled":false,"locationContextEnabled":false,"applicationCacheEnabled":false,"browserConnectionEnabled":false,"cssSelectorsEnabled":true,"webStorageEnabled":false,"rotatable":false,"acceptSslCerts":false,"nativeEvents":true,"proxy":{"proxyType":"direct"}}
[INFO  - 2017-12-13T09:16:38.183Z] SessionManagerReqHand - _postNewSessionCommand - New Session Created: 52bc8c50-dfe6-11e7-82be-97254e8ea144
[ERROR - 2017-12-13T09:17:04.947Z] WebElementLocator - _handleLocateCommand - Element(s) NOT Found: GAVE UP. Search Stop Time: 1513156624892

  phantomjs://platform/console++.js:263 in error
[ERROR - 2017-12-13T09:17:05.501Z] WebElementLocator - _handleLocateCommand - Element(s) NOT Found: GAVE UP. Search Stop Time: 1513156625478

  phantomjs://platform/console++.js:263 in error
[ERROR - 2017-12-13T09:17:05.860Z] WebElementLocator - _handleLocateCommand - Element(s) NOT Found: GAVE UP. Search Stop Time: 1513156625841

  phantomjs://platform/console++.js:263 in error
[ERROR - 2017-12-13T09:17:06.253Z] WebElementLocator - _handleLocateCommand - Element(s) NOT Found: GAVE UP. Search Stop Time: 1513156626207

  phantomjs://platform/console++.js:263 in error
[ERROR - 2017-12-13T09:17:06.625Z] WebElementLocator - _handleLocateCommand - Element(s) NOT Found: GAVE UP. Search Stop Time: 1513156626624

  phantomjs://platform/console++.js:263 in error
[ERROR - 2017-12-13T09:17:07.040Z] WebElementLocator - _handleLocateCommand - Element(s) NOT Found: GAVE UP. Search Stop Time: 1513156626980

  phantomjs://platform/console++.js:263 in error
[ERROR - 2017-12-13T09:17:07.460Z] WebElementLocator - _handleLocateCommand - Element(s) NOT Found: GAVE UP. Search Stop Time: 1513156627407

  phantomjs://platform/console++.js:263 in error
[ERROR - 2017-12-13T09:17:07.810Z] WebElementLocator - _handleLocateCommand - Element(s) NOT Found: GAVE UP. Search Stop Time: 1513156627809

  phantomjs://platform/console++.js:263 in error
[ERROR - 2017-12-13T09:17:08.245Z] WebElementLocator - _handleLocateCommand - Element(s) NOT Found: GAVE UP. Search Stop Time: 1513156628183

  phantomjs://platform/console++.js:263 in error
[ERROR - 2017-12-13T09:17:08.653Z] WebElementLocator - _handleLocateCommand - Element(s) NOT Found: GAVE UP. Search Stop Time: 1513156628610

  phantomjs://platform/console++.js:263 in error
[ERROR - 2017-12-13T09:17:09.089Z] WebElementLocator - _handleLocateCommand - Element(s) NOT Found: GAVE UP. Search Stop Time: 1513156629016

  phantomjs://platform/console++.js:263 in error
[ERROR - 2017-12-13T09:17:09.430Z] WebElementLocator - _handleLocateCommand - Element(s) NOT Found: GAVE UP. Search Stop Time: 1513156629428

  phantomjs://platform/console++.js:263 in error
[ERROR - 2017-12-13T09:17:09.837Z] WebElementLocator - _handleLocateCommand - Element(s) NOT Found: GAVE UP. Search Stop Time: 1513156629786

  phantomjs://platform/console++.js:263 in error
[ERROR - 2017-12-13T09:17:10.197Z] WebElementLocator - _handleLocateCommand - Element(s) NOT Found: GAVE UP. Search Stop Time: 1513156630195

  phantomjs://platform/console++.js:263 in error
[ERROR - 2017-12-13T09:17:10.635Z] WebElementLocator - _handleLocateCommand - Element(s) NOT Found: GAVE UP. Search Stop Time: 1513156630579

  phantomjs://platform/console++.js:263 in error
[ERROR - 2017-12-13T09:17:11.041Z] WebElementLocator - _handleLocateCommand - Element(s) NOT Found: GAVE UP. Search Stop Time: 1513156630987

  phantomjs://platform/console++.js:263 in error
[ERROR - 2017-12-13T09:17:11.447Z] WebElementLocator - _handleLocateCommand - Element(s) NOT Found: GAVE UP. Search Stop Time: 1513156631397

  phantomjs://platform/console++.js:263 in error
[ERROR - 2017-12-13T09:17:11.848Z] WebElementLocator - _handleLocateCommand - Element(s) NOT Found: GAVE UP. Search Stop Time: 1513156631817

  phantomjs://platform/console++.js:263 in error
[ERROR - 2017-12-13T09:17:12.197Z] WebElementLocator - _handleLocateCommand - Element(s) NOT Found: GAVE UP. Search Stop Time: 1513156632195

  phantomjs://platform/console++.js:263 in error
